<?xml version="1.0" encoding="UTF-8"?>
<!-- Generated by org.testng.reporters.JUnitReportReporter -->
<testsuite hostname="CHN-REG-338651" failures="0" tests="6" name="com.example.APItestcases.DataDrivenTest" time="9.755" errors="0" timestamp="2023-08-16T13:06:41 IST" skipped="0">
  <testcase classname="com.example.APItestcases.DataDrivenTest" name="testPostUser" time="1.450"/>
  <system-out/>
  <testcase classname="com.example.APItestcases.DataDrivenTest" name="testPostUser" time="1.352"/>
  <system-out/>
  <testcase classname="com.example.APItestcases.DataDrivenTest" name="testPostUser" time="3.038"/>
  <system-out/>
  <testcase classname="com.example.APItestcases.DataDrivenTest" name="testDeleteByUserName" time="1.235"/>
  <system-out/>
  <testcase classname="com.example.APItestcases.DataDrivenTest" name="testDeleteByUserName" time="1.335"/>
  <system-out/>
  <testcase classname="com.example.APItestcases.DataDrivenTest" name="testDeleteByUserName" time="1.345"/>
  <system-out/>
</testsuite> <!-- com.example.APItestcases.DataDrivenTest -->
