<?xml version="1.0" encoding="UTF-8"?>
<!-- Generated by org.testng.reporters.JUnitReportReporter -->
<testsuite hostname="CHN-REG-338651" failures="0" tests="1" name="com.example.AppTest" time="3.605" errors="0" timestamp="2023-08-14T15:50:52 IST" skipped="0">
  <testcase classname="com.example.AppTest" name="automateGetRequest" time="3.605"/>
  <system-out/>
</testsuite> <!-- com.example.AppTest -->
