<?xml version="1.0" encoding="UTF-8"?>
<!-- Generated by org.testng.reporters.JUnitReportReporter -->
<testsuite hostname="CHN-REG-338651" failures="0" tests="4" name="com.example.APItestcases.UserTests" time="9.382" errors="0" timestamp="2023-08-17T11:11:34 IST" skipped="0">
  <testcase classname="com.example.APItestcases.UserTests" name="testPostUser" time="2.792"/>
  <system-out/>
  <testcase classname="com.example.APItestcases.UserTests" name="testGetUserByName" time="2.360"/>
  <system-out/>
  <testcase classname="com.example.APItestcases.UserTests" name="testUpdateuserByName" time="2.786"/>
  <system-out/>
  <testcase classname="com.example.APItestcases.UserTests" name="testDeleteUserByName" time="1.444"/>
  <system-out/>
</testsuite> <!-- com.example.APItestcases.UserTests -->
