<?xml version="1.0" encoding="UTF-8"?>
<!-- Generated by org.testng.reporters.JUnitReportReporter -->
<testsuite hostname="CHN-REG-338651" failures="0" tests="1" name="testcases.RegressionTestcase" time="4.918" errors="0" timestamp="2023-11-29T21:28:07 IST" skipped="0">
  <testcase classname="testcases.RegressionTestcase" name="testSignInandSignOut" time="4.918"/>
</testsuite> <!-- testcases.RegressionTestcase -->
